WARNING: A terminally deprecated method in sun.misc.Unsafe has been called
WARNING: sun.misc.Unsafe::staticFieldBase has been called by com.google.inject.internal.aop.HiddenClassDefiner (file:/opt/homebrew/Cellar/maven/3.9.11/libexec/lib/guice-5.1.0-classes.jar)
WARNING: Please consider reporting this to the maintainers of class com.google.inject.internal.aop.HiddenClassDefiner
WARNING: sun.misc.Unsafe::staticFieldBase will be removed in a future release
[INFO] Scanning for projects...
[WARNING] 
[WARNING] Some problems were encountered while building the effective model for com.example:f25-team3:jar:0.0.1-SNAPSHOT
[WARNING] 'dependencies.dependency.(groupId:artifactId:type:classifier)' must be unique: org.springframework.boot:spring-boot-starter-web:jar -> duplicate declaration of version (?) @ line 41, column 15
[WARNING] 
[WARNING] It is highly recommended to fix these problems because they threaten the stability of your build.
[WARNING] 
[WARNING] For this reason, future Maven versions might no longer support building such malformed projects.
[WARNING] 
[INFO] 
[INFO] -----------------------< com.example:f25-team3 >------------------------
[INFO] Building f25-team3 0.0.1-SNAPSHOT
[INFO]   from pom.xml
[INFO] --------------------------------[ jar ]---------------------------------
[INFO] 
[INFO] >>> spring-boot:3.3.0:run (default-cli) > test-compile @ f25-team3 >>>
[INFO] 
[INFO] --- resources:3.3.1:resources (default-resources) @ f25-team3 ---
[INFO] Copying 1 resource from src/main/resources to target/classes
[INFO] Copying 0 resource from src/main/resources to target/classes
[INFO] 
[INFO] --- compiler:3.13.0:compile (default-compile) @ f25-team3 ---
[INFO] Nothing to compile - all classes are up to date.
[INFO] 
[INFO] --- resources:3.3.1:testResources (default-testResources) @ f25-team3 ---
[INFO] skip non existing resourceDirectory /Users/ahmedomar/Documents/f2025-team3/f25-team3/backend-api/src/test/resources
[INFO] 
[INFO] --- compiler:3.13.0:testCompile (default-testCompile) @ f25-team3 ---
[INFO] Nothing to compile - all classes are up to date.
[INFO] 
[INFO] <<< spring-boot:3.3.0:run (default-cli) < test-compile @ f25-team3 <<<
[INFO] 
[INFO] 
[INFO] --- spring-boot:3.3.0:run (default-cli) @ f25-team3 ---
[INFO] Attaching agents: []
  .   ____          _            __ _ _
 /\\ / ___'_ __ _ _(_)_ __  __ _ \ \ \ \
( ( )\___ | '_ | '_| | '_ \/ _` | \ \ \ \
 \\/  ___)| |_)| | | | | || (_| |  ) ) ) )
  '  |____| .__|_| |_|_| |_\__, | / / / /
 =========|_|==============|___/=/_/_/_/

 :: Spring Boot ::                (v3.3.0)

2025-11-17T18:29:20.129-05:00  INFO 61539 --- [demo] [           main] c.example.f25_team3.F25Team3Application  : Starting F25Team3Application using Java 25.0.1 with PID 61539 (/Users/ahmedomar/Documents/f2025-team3/f25-team3/backend-api/target/classes started by ahmedomar in /Users/ahmedomar/Documents/f2025-team3/f25-team3/backend-api)
2025-11-17T18:29:20.132-05:00  INFO 61539 --- [demo] [           main] c.example.f25_team3.F25Team3Application  : No active profile set, falling back to 1 default profile: "default"
2025-11-17T18:29:20.603-05:00  INFO 61539 --- [demo] [           main] .s.d.r.c.RepositoryConfigurationDelegate : Bootstrapping Spring Data JPA repositories in DEFAULT mode.
2025-11-17T18:29:20.643-05:00  INFO 61539 --- [demo] [           main] .s.d.r.c.RepositoryConfigurationDelegate : Finished Spring Data repository scanning in 35 ms. Found 3 JPA repository interfaces.
WARNING: A restricted method in java.lang.System has been called
WARNING: java.lang.System::load has been called by org.apache.tomcat.jni.Library in an unnamed module (file:/Users/ahmedomar/.m2/repository/org/apache/tomcat/embed/tomcat-embed-core/10.1.24/tomcat-embed-core-10.1.24.jar)
WARNING: Use --enable-native-access=ALL-UNNAMED to avoid a warning for callers in this module
WARNING: Restricted methods will be blocked in a future release unless native access is enabled

2025-11-17T18:29:21.114-05:00  INFO 61539 --- [demo] [           main] o.s.b.w.embedded.tomcat.TomcatWebServer  : Tomcat initialized with port 8080 (http)
2025-11-17T18:29:21.124-05:00  INFO 61539 --- [demo] [           main] o.apache.catalina.core.StandardService   : Starting service [Tomcat]
2025-11-17T18:29:21.124-05:00  INFO 61539 --- [demo] [           main] o.apache.catalina.core.StandardEngine    : Starting Servlet engine: [Apache Tomcat/10.1.24]
2025-11-17T18:29:21.168-05:00  INFO 61539 --- [demo] [           main] o.a.c.c.C.[Tomcat].[localhost].[/]       : Initializing Spring embedded WebApplicationContext
2025-11-17T18:29:21.169-05:00  INFO 61539 --- [demo] [           main] w.s.c.ServletWebServerApplicationContext : Root WebApplicationContext: initialization completed in 998 ms
2025-11-17T18:29:21.289-05:00  INFO 61539 --- [demo] [           main] o.hibernate.jpa.internal.util.LogHelper  : HHH000204: Processing PersistenceUnitInfo [name: default]
2025-11-17T18:29:21.340-05:00  INFO 61539 --- [demo] [           main] org.hibernate.Version                    : HHH000412: Hibernate ORM core version 6.5.2.Final
2025-11-17T18:29:21.364-05:00  INFO 61539 --- [demo] [           main] o.h.c.internal.RegionFactoryInitiator    : HHH000026: Second-level cache disabled
2025-11-17T18:29:21.582-05:00  INFO 61539 --- [demo] [           main] o.s.o.j.p.SpringPersistenceUnitInfo      : No LoadTimeWeaver setup: ignoring JPA class transformer
2025-11-17T18:29:21.599-05:00  INFO 61539 --- [demo] [           main] com.zaxxer.hikari.HikariDataSource       : HikariPool-1 - Starting...
2025-11-17T18:29:22.492-05:00  INFO 61539 --- [demo] [           main] com.zaxxer.hikari.pool.HikariPool        : HikariPool-1 - Added connection org.postgresql.jdbc.PgConnection@6e9a10cd
2025-11-17T18:29:22.493-05:00  INFO 61539 --- [demo] [           main] com.zaxxer.hikari.HikariDataSource       : HikariPool-1 - Start completed.
2025-11-17T18:29:22.570-05:00  WARN 61539 --- [demo] [           main] org.hibernate.orm.deprecation            : HHH90000025: PostgreSQLDialect does not need to be specified explicitly using 'hibernate.dialect' (remove the property setting and it will be selected by default)
2025-11-17T18:29:23.287-05:00  INFO 61539 --- [demo] [           main] o.h.e.t.j.p.i.JtaPlatformInitiator       : HHH000489: No JTA platform available (set 'hibernate.transaction.jta.platform' to enable JTA platform integration)
2025-11-17T18:29:24.056-05:00  INFO 61539 --- [demo] [           main] j.LocalContainerEntityManagerFactoryBean : Initialized JPA EntityManagerFactory for persistence unit 'default'
2025-11-17T18:29:24.278-05:00  INFO 61539 --- [demo] [           main] o.s.d.j.r.query.QueryEnhancerFactory     : Hibernate is in classpath; If applicable, HQL parser will be used.
2025-11-17T18:29:24.573-05:00  WARN 61539 --- [demo] [           main] JpaBaseConfiguration$JpaWebConfiguration : spring.jpa.open-in-view is enabled by default. Therefore, database queries may be performed during view rendering. Explicitly configure spring.jpa.open-in-view to disable this warning
2025-11-17T18:29:24.589-05:00  INFO 61539 --- [demo] [           main] r$InitializeUserDetailsManagerConfigurer : Global AuthenticationManager configured with UserDetailsService bean with name customUserDetailsService
2025-11-17T18:29:24.757-05:00  INFO 61539 --- [demo] [           main] o.s.s.web.DefaultSecurityFilterChain     : Will secure any request with [org.springframework.security.web.session.DisableEncodeUrlFilter@3647b274, org.springframework.security.web.context.request.async.WebAsyncManagerIntegrationFilter@2a10a99b, org.springframework.security.web.context.SecurityContextHolderFilter@2ce7d43, org.springframework.security.web.header.HeaderWriterFilter@5d8de155, org.springframework.web.filter.CorsFilter@51617b93, org.springframework.security.web.authentication.logout.LogoutFilter@40af3dd8, org.springframework.security.web.savedrequest.RequestCacheAwareFilter@1ca55d5, org.springframework.security.web.servletapi.SecurityContextHolderAwareRequestFilter@7a8316fa, org.springframework.security.web.authentication.AnonymousAuthenticationFilter@23471f48, org.springframework.security.web.access.ExceptionTranslationFilter@67c2ff5d, org.springframework.security.web.access.intercept.AuthorizationFilter@7e3c5ef1]
2025-11-17T18:29:24.883-05:00  INFO 61539 --- [demo] [           main] o.s.b.w.embedded.tomcat.TomcatWebServer  : Tomcat started on port 8080 (http) with context path '/'
2025-11-17T18:29:24.891-05:00  INFO 61539 --- [demo] [           main] c.example.f25_team3.F25Team3Application  : Started F25Team3Application in 5.038 seconds (process running for 5.259)
